c:\users\admin\desktop\raytracer\raytracer\x64\debug\vc143.pdb
c:\users\admin\desktop\raytracer\raytracer\x64\debug\vc143.idb
c:\users\admin\desktop\raytracer\raytracer\x64\debug\sphere.obj
c:\users\admin\desktop\raytracer\raytracer\x64\debug\render.obj
c:\users\admin\desktop\raytracer\raytracer\x64\debug\main.obj
c:\users\admin\desktop\raytracer\raytracer\x64\debug\interval.obj
c:\users\admin\desktop\raytracer\raytracer\x64\debug\hittablelist.obj
c:\users\admin\desktop\raytracer\raytracer\x64\debug\game.obj
c:\users\admin\desktop\raytracer\raytracer\x64\debug\constants.obj
c:\users\admin\desktop\raytracer\x64\debug\raytracer.exe
c:\users\admin\desktop\raytracer\x64\debug\raytracer.pdb
c:\users\admin\desktop\raytracer\raytracer\x64\debug\raytracer.ilk
c:\users\admin\desktop\raytracer\raytracer\x64\debug\raytracer.tlog\cl.command.1.tlog
c:\users\admin\desktop\raytracer\raytracer\x64\debug\raytracer.tlog\cl.items.tlog
c:\users\admin\desktop\raytracer\raytracer\x64\debug\raytracer.tlog\cl.read.1.tlog
c:\users\admin\desktop\raytracer\raytracer\x64\debug\raytracer.tlog\cl.write.1.tlog
c:\users\admin\desktop\raytracer\raytracer\x64\debug\raytracer.tlog\link.command.1.tlog
c:\users\admin\desktop\raytracer\raytracer\x64\debug\raytracer.tlog\link.read.1.tlog
c:\users\admin\desktop\raytracer\raytracer\x64\debug\raytracer.tlog\link.secondary.1.tlog
c:\users\admin\desktop\raytracer\raytracer\x64\debug\raytracer.tlog\link.write.1.tlog
